<?xml version="1.0" encoding="UTF-8"?>
<testng-results skipped="0" failed="0" ignored="0" total="1" passed="1">
  <reporter-output>
  </reporter-output>
  <suite name="Default suite" duration-ms="134" started-at="2019-09-15T14:59:23Z" finished-at="2019-09-15T14:59:24Z">
    <groups>
    </groups>
    <test name="Default test" duration-ms="134" started-at="2019-09-15T14:59:23Z" finished-at="2019-09-15T14:59:24Z">
      <class name="Sample.SampleProgram">
        <test-method status="PASS" signature="testMethod()[pri:0, instance:Sample.SampleProgram@968a59]" name="testMethod" duration-ms="38" started-at="2019-09-15T14:59:24Z" finished-at="2019-09-15T14:59:24Z">
          <reporter-output>
          </reporter-output>
        </test-method> <!-- testMethod -->
      </class> <!-- Sample.SampleProgram -->
    </test> <!-- Default test -->
  </suite> <!-- Default suite -->
</testng-results>
